<?xml version="1.0" encoding="UTF-8"?>
<!-- Generated by org.testng.reporters.JUnitReportReporter -->
<testsuite skipped="0" hostname="LT0021232" name="com.qa.TestCases.EditProfilePageTest" tests="3" failures="0" timestamp="12 Sep 2018 09:09:46 GMT" time="48.074" errors="0">
  <testcase name="EditProfileTittleValidation" time="5.033" classname="com.qa.TestCases.EditProfilePageTest"/>
  <testcase name="EditProfileDetailsValidation" time="0.245" classname="com.qa.TestCases.EditProfilePageTest"/>
  <testcase name="EditProfile" time="42.796" classname="com.qa.TestCases.EditProfilePageTest"/>
</testsuite> <!-- com.qa.TestCases.EditProfilePageTest -->
