<?xml version="1.0" encoding="UTF-8"?>
<!-- Generated by org.testng.reporters.JUnitReportReporter -->
<testsuite skipped="0" hostname="LT0021232" name="com.qa.TestCases.TranscationHistoryTest" tests="4" failures="0" timestamp="12 Sep 2018 09:09:46 GMT" time="42.916" errors="0">
  <testcase name="TranscationHistoryTittleValidation" time="5.019" classname="com.qa.TestCases.TranscationHistoryTest"/>
  <testcase name="DashBoardPageTittleValidation" time="0.129" classname="com.qa.TestCases.TranscationHistoryTest"/>
  <testcase name="ClickOnCalender" time="25.040" classname="com.qa.TestCases.TranscationHistoryTest"/>
  <testcase name="TransHistoryScreenValidation" time="12.728" classname="com.qa.TestCases.TranscationHistoryTest"/>
</testsuite> <!-- com.qa.TestCases.TranscationHistoryTest -->
