<?xml version="1.0" encoding="UTF-8"?>
<!-- Generated by org.testng.reporters.JUnitReportReporter -->
<testsuite skipped="0" hostname="LT0021232" name="com.qa.TestCases.DashBoardTest" tests="5" failures="0" timestamp="12 Sep 2018 09:09:46 GMT" time="7.866" errors="0">
  <testcase name="DashBoardPageTittleValidation" time="5.023" classname="com.qa.TestCases.DashBoardTest"/>
  <testcase name="SecondDashBoardPageTittleValidation" time="0.204" classname="com.qa.TestCases.DashBoardTest"/>
  <testcase name="AccountBalanceTextValidation" time="0.079" classname="com.qa.TestCases.DashBoardTest"/>
  <testcase name="Last5TranscationTextValidation" time="0.108" classname="com.qa.TestCases.DashBoardTest"/>
  <testcase name="MoveToTranscationHistoryPage" time="2.452" classname="com.qa.TestCases.DashBoardTest"/>
</testsuite> <!-- com.qa.TestCases.DashBoardTest -->
