<?xml version="1.0" encoding="UTF-8"?>
<!-- Generated by org.testng.reporters.JUnitReportReporter -->
<testsuite skipped="0" hostname="LT0021232" name="com.qa.TestCases.ManagedCardTest" tests="5" failures="0" timestamp="12 Sep 2018 09:09:46 GMT" time="253.899" errors="0">
  <testcase name="EditProfileTittleValidation" time="5.083" classname="com.qa.TestCases.ManagedCardTest"/>
  <testcase name="AddCard" time="61.620" classname="com.qa.TestCases.ManagedCardTest"/>
  <testcase name="EditCardDetails" time="39.372" classname="com.qa.TestCases.ManagedCardTest"/>
  <testcase name="DeleteCardDetails" time="49.633" classname="com.qa.TestCases.ManagedCardTest"/>
  <testcase name="AddBankAccDetails" time="98.191" classname="com.qa.TestCases.ManagedCardTest"/>
</testsuite> <!-- com.qa.TestCases.ManagedCardTest -->
