<?xml version="1.0" encoding="UTF-8"?>
<!-- Generated by org.testng.reporters.JUnitReportReporter -->
<testsuite skipped="0" hostname="LT0021232" name="com.qa.TestCases.ConsumerLoginPageTest" tests="3" failures="0" timestamp="12 Sep 2018 09:09:46 GMT" time="2.676" errors="0">
  <testcase name="ConsumerLogoTest" time="0.934" classname="com.qa.TestCases.ConsumerLoginPageTest"/>
  <testcase name="ConsumerPortalTittle" time="0.113" classname="com.qa.TestCases.ConsumerLoginPageTest"/>
  <testcase name="ConsumerLoginPortalTest" time="1.629" classname="com.qa.TestCases.ConsumerLoginPageTest"/>
</testsuite> <!-- com.qa.TestCases.ConsumerLoginPageTest -->
