<?xml version="1.0" encoding="UTF-8"?>
<!-- Generated by org.testng.reporters.JUnitReportReporter -->
<testsuite skipped="0" hostname="LT0021232" name="com.qa.TestCases.DashBoardTest" tests="5" failures="0" timestamp="06 Sep 2018 09:52:00 GMT" time="27.351" errors="0">
  <testcase name="DashBoardPageTittleValidation" time="5.019" classname="com.qa.TestCases.DashBoardTest"/>
  <testcase name="SecondDashBoardPageTittleValidation" time="0.172" classname="com.qa.TestCases.DashBoardTest"/>
  <testcase name="AccountBalanceTextValidation" time="0.110" classname="com.qa.TestCases.DashBoardTest"/>
  <testcase name="Last5TranscationTextValidation" time="0.109" classname="com.qa.TestCases.DashBoardTest"/>
  <testcase name="MoveToTranscationHistoryPage" time="21.941" classname="com.qa.TestCases.DashBoardTest"/>
</testsuite> <!-- com.qa.TestCases.DashBoardTest -->
