<?xml version="1.0" encoding="UTF-8"?>
<!-- Generated by org.testng.reporters.JUnitReportReporter -->
<testsuite skipped="0" hostname="LT0021232" name="com.qa.TestCases.ConsumerLoginPageTest" tests="3" failures="0" timestamp="06 Sep 2018 09:52:00 GMT" time="2.581" errors="0">
  <testcase name="ConsumerLogoTest" time="0.424" classname="com.qa.TestCases.ConsumerLoginPageTest"/>
  <testcase name="ConsumerPortalTittle" time="0.141" classname="com.qa.TestCases.ConsumerLoginPageTest"/>
  <testcase name="ConsumerLoginPortalTest" time="2.016" classname="com.qa.TestCases.ConsumerLoginPageTest"/>
</testsuite> <!-- com.qa.TestCases.ConsumerLoginPageTest -->
