<?xml version="1.0" encoding="UTF-8"?>
<!-- Generated by org.testng.reporters.JUnitReportReporter -->
<testsuite skipped="0" hostname="LT0021232" name="com.qa.TestCases.ManagedCardTest" tests="5" failures="0" timestamp="06 Sep 2018 09:52:01 GMT" time="130.870" errors="0">
  <testcase name="EditProfileTittleValidation" time="5.066" classname="com.qa.TestCases.ManagedCardTest"/>
  <testcase name="AddCard" time="32.171" classname="com.qa.TestCases.ManagedCardTest"/>
  <testcase name="EditCardDetails" time="19.237" classname="com.qa.TestCases.ManagedCardTest"/>
  <testcase name="DeleteCardDetails" time="24.127" classname="com.qa.TestCases.ManagedCardTest"/>
  <testcase name="AddBankAccDetails" time="50.269" classname="com.qa.TestCases.ManagedCardTest"/>
</testsuite> <!-- com.qa.TestCases.ManagedCardTest -->
