<?xml version="1.0" encoding="UTF-8"?>
<!-- Generated by org.testng.reporters.JUnitReportReporter -->
<testsuite skipped="0" hostname="LT0021232" name="com.qa.TestCases.TranscationHistoryTest" tests="4" failures="0" timestamp="06 Sep 2018 09:52:01 GMT" time="18.009" errors="0">
  <testcase name="TranscationHistoryTittleValidation" time="5.019" classname="com.qa.TestCases.TranscationHistoryTest"/>
  <testcase name="DashBoardPageTittleValidation" time="0.110" classname="com.qa.TestCases.TranscationHistoryTest"/>
  <testcase name="ClickOnCalender" time="10.409" classname="com.qa.TestCases.TranscationHistoryTest"/>
  <testcase name="TransHistoryScreenValidation" time="2.471" classname="com.qa.TestCases.TranscationHistoryTest"/>
</testsuite> <!-- com.qa.TestCases.TranscationHistoryTest -->
