<?xml version="1.0" encoding="UTF-8"?>
<!-- Generated by org.testng.reporters.JUnitReportReporter -->
<testsuite skipped="0" hostname="LT0021232" name="com.qa.TestCases.EditProfilePageTest" tests="3" failures="0" timestamp="06 Sep 2018 09:52:01 GMT" time="22.557" errors="0">
  <testcase name="EditProfileTittleValidation" time="5.041" classname="com.qa.TestCases.EditProfilePageTest"/>
  <testcase name="EditProfileDetailsValidation" time="0.234" classname="com.qa.TestCases.EditProfilePageTest"/>
  <testcase name="EditProfile" time="17.282" classname="com.qa.TestCases.EditProfilePageTest"/>
</testsuite> <!-- com.qa.TestCases.EditProfilePageTest -->
